2017/05/15 16:21:21 El servidor esta a la escucha en el puerto 7845

2017/05/15 16:21:32 [1][RECIBO] cliente STATE[1]
00000000  49 44 de 31 34 32 20 01  01                       |ID.142 ..|


2017/05/15 16:21:32 [1][ENVIO] cliente STATE[2]
00000000  49 44 de 31 34 32 20 01  01                       |ID.142 ..|


2017/05/15 16:21:32 [1][RECIBO] cliente STATE[2]
00000000  01                                                |.|


2017/05/15 16:21:32 [1][ENVIO] cliente STATE[0]
00000000  01                                                |.|


2017/05/15 16:21:32 [1][ENVIO] cliente STATE[0]
00000000  32                                                |2|


2017/05/15 16:21:32 [1][ENVIO] cliente STATE[0]
00000000  03                                                |.|


2017/05/15 16:21:34 [1][RECIBO] cliente STATE[0]
00000000  04                                                |.|


2017/05/15 16:21:35 [1][RECIBO] cliente STATE[0]
00000000  03                                                |.|


2017/05/15 16:21:35 [1][RECIBO] cliente STATE[0]
00000000  03                                                |.|


2017/05/15 16:21:35 [1][RECIBO] cliente STATE[0]
00000000  03                                                |.|


2017/05/15 16:21:38 [1][RECIBO] cliente STATE[0]
00000000  0a 53 75 70 65 72 20 50  75 79 6f 20 50 75 79 6f  |.Super Puyo Puyo|
00000010  20 28 4a 61 70 61 6e 29  2e 73 66 63 00           | (Japan).sfc.|


2017/05/15 16:21:38 [1][ENVIO][TODOS SIN MI] cliente STATE[3]
00000000  0a 53 75 70 65 72 20 50  75 79 6f 20 50 75 79 6f  |.Super Puyo Puyo|
00000010  20 28 4a 61 70 61 6e 29  2e 73 66 63 00           | (Japan).sfc.|


2017/05/15 16:21:38 [1][ENVIO] cliente STATE[3]
00000000  0b                                                |.|


2017/05/15 16:21:38 [1][RECIBO] cliente STATE[3]
00000000  1e e6 32 28                                       |..2(|


2017/05/15 16:21:38 [1][ENVIO][TODOS] cliente STATE[3]
00000000  1e e6 32 28                                       |..2(|


2017/05/15 16:21:38 [1][RECIBO] cliente STATE[3]
00000000  e5                                                |.|


2017/05/15 16:21:38 [1][ENVIO][TODOS] cliente STATE[5]
00000000  e5                                                |.|


2017/05/15 16:21:38 [1][RECIBO] cliente STATE[5]
00000000  02 00 80 00 10                                    |.....|


2017/05/15 16:21:38 [1][ENVIO][TODOS SIN MI] cliente STATE[5]
00000000  02 00 80 00 10                                    |.....|


2017/05/15 16:21:38 [1][ENVIO] cliente STATE[5]
00000000  00 00                                             |..|


2017/05/15 16:21:38 [1][RECIBO] cliente STATE[5]
00000000  02 00 80 00 00                                    |.....|


2017/05/15 16:21:38 [1][ENVIO][TODOS SIN MI] cliente STATE[5]
00000000  02 00 80 00 00                                    |.....|


2017/05/15 16:21:38 [1][ENVIO] cliente STATE[5]
00000000  00 00                                             |..|


2017/05/15 16:21:38 [1][RECIBO] cliente STATE[5]
00000000  00 00                                             |..|


2017/05/15 16:21:38 [1][ENVIO][TODOS SIN MI] cliente STATE[5]
00000000  00 00                                             |..|


2017/05/15 16:21:38 [1][ENVIO] cliente STATE[5]
00000000  00 00                                             |..|


2017/05/15 16:21:38 [1][RECIBO] cliente STATE[5]
00000000  00 00                                             |..|


2017/05/15 16:21:38 [1][ENVIO][TODOS SIN MI] cliente STATE[5]
00000000  00 00                                             |..|


2017/05/15 16:21:38 [1][ENVIO] cliente STATE[5]
00000000  00 00                                             |..|


2017/05/15 16:21:38 [1][RECIBO] cliente STATE[5]
00000000  00 01                                             |..|


2017/05/15 16:21:38 [1][ENVIO][TODOS SIN MI] cliente STATE[5]
00000000  00 01                                             |..|


2017/05/15 16:21:38 [1][ENVIO] cliente STATE[5]
00000000  00 00                                             |..|


2017/05/15 16:21:38 [1][RECIBO] cliente STATE[5]
00000000  00 02                                             |..|


2017/05/15 16:21:38 [1][ENVIO][TODOS SIN MI] cliente STATE[5]
00000000  00 02                                             |..|


2017/05/15 16:21:38 [1][ENVIO] cliente STATE[5]
00000000  00 00                                             |..|


2017/05/15 16:21:38 [1][RECIBO] cliente STATE[5]
00000000  00 03                                             |..|


2017/05/15 16:21:38 [1][ENVIO][TODOS SIN MI] cliente STATE[5]
00000000  00 03                                             |..|


2017/05/15 16:21:38 [1][ENVIO] cliente STATE[5]
00000000  00 00                                             |..|


2017/05/15 16:21:38 [1][RECIBO] cliente STATE[5]
00000000  00 04                                             |..|


2017/05/15 16:21:38 [1][ENVIO] cliente STATE[5]
00000000  00 00                                             |..|


2017/05/15 16:21:38 [1][RECIBO] cliente STATE[5]
00000000  00 04                                             |..|


2017/05/15 16:21:38 [1][ENVIO] cliente STATE[5]
00000000  00 00                                             |..|


2017/05/15 16:21:38 [1][RECIBO] cliente STATE[5]
00000000  00 04                                             |..|


2017/05/15 16:21:38 [1][ENVIO] cliente STATE[5]
00000000  00 00                                             |..|


2017/05/15 16:21:38 [1][RECIBO] cliente STATE[5]
00000000  00 04                                             |..|


2017/05/15 16:21:38 [1][ENVIO] cliente STATE[5]
00000000  00 00                                             |..|


2017/05/15 16:21:38 [1][RECIBO] cliente STATE[5]
00000000  00 04                                             |..|


2017/05/15 16:21:38 [1][ENVIO] cliente STATE[5]
00000000  00 00                                             |..|


2017/05/15 16:21:38 [1][RECIBO] cliente STATE[5]
00000000  00 04                                             |..|


2017/05/15 16:21:38 [1][ENVIO] cliente STATE[5]
00000000  00 00                                             |..|


2017/05/15 16:21:38 [1][RECIBO] cliente STATE[5]
00000000  00 04                                             |..|


2017/05/15 16:21:38 [1][ENVIO] cliente STATE[5]
00000000  00 00                                             |..|


2017/05/15 16:21:38 [1][RECIBO] cliente STATE[5]
00000000  00 04                                             |..|


2017/05/15 16:21:38 [1][ENVIO] cliente STATE[5]
00000000  00 00                                             |..|


2017/05/15 16:21:38 [1][RECIBO] cliente STATE[5]
00000000  00 04                                             |..|


2017/05/15 16:21:38 [1][ENVIO] cliente STATE[5]
00000000  00 00                                             |..|


2017/05/15 16:21:38 [1][RECIBO] cliente STATE[5]
00000000  00 04                                             |..|


2017/05/15 16:21:38 [1][ENVIO] cliente STATE[5]
00000000  00 00                                             |..|


2017/05/15 16:21:38 [1][RECIBO] cliente STATE[5]
00000000  00 04                                             |..|


2017/05/15 16:21:38 [1][ENVIO] cliente STATE[5]
00000000  00 00                                             |..|


2017/05/15 16:21:38 [1][RECIBO] cliente STATE[5]
00000000  00 04                                             |..|


2017/05/15 16:21:38 [1][ENVIO] cliente STATE[5]
00000000  00 00                                             |..|


2017/05/15 16:21:38 [1][RECIBO] cliente STATE[5]
00000000  00 04                                             |..|


2017/05/15 16:21:38 [1][ENVIO] cliente STATE[5]
00000000  00 00                                             |..|


2017/05/15 16:21:39 [1][RECIBO] cliente STATE[5]
00000000  00 04                                             |..|


2017/05/15 16:21:39 [1][ENVIO] cliente STATE[5]
00000000  00 00                                             |..|


2017/05/15 16:21:39 [1][RECIBO] cliente STATE[5]
00000000  00 04                                             |..|


2017/05/15 16:21:39 [1][ENVIO] cliente STATE[5]
00000000  00 00                                             |..|


2017/05/15 16:21:39 [1][RECIBO] cliente STATE[5]
00000000  00 04                                             |..|


2017/05/15 16:21:39 [1][ENVIO] cliente STATE[5]
00000000  00 00                                             |..|


2017/05/15 16:21:39 [1][RECIBO] cliente STATE[5]
00000000  00 04                                             |..|


2017/05/15 16:21:39 [1][ENVIO] cliente STATE[5]
00000000  00 00                                             |..|


2017/05/15 16:21:39 [1][RECIBO] cliente STATE[5]
00000000  00 04                                             |..|


2017/05/15 16:21:39 [1][ENVIO] cliente STATE[5]
00000000  00 00                                             |..|


2017/05/15 16:21:39 [1][RECIBO] cliente STATE[5]
00000000  00 04                                             |..|


2017/05/15 16:21:39 [1][ENVIO] cliente STATE[5]
00000000  00 00                                             |..|


2017/05/15 16:21:39 [1][RECIBO] cliente STATE[5]
00000000  00 04                                             |..|


2017/05/15 16:21:39 [1][ENVIO] cliente STATE[5]
00000000  00 00                                             |..|


2017/05/15 16:21:39 [1][RECIBO] cliente STATE[5]
00000000  00 04                                             |..|


2017/05/15 16:21:39 [1][ENVIO] cliente STATE[5]
00000000  00 00                                             |..|


2017/05/15 16:21:39 [1][RECIBO] cliente STATE[5]
00000000  00 04                                             |..|


2017/05/15 16:21:39 [1][ENVIO] cliente STATE[5]
00000000  00 00                                             |..|


2017/05/15 16:21:39 [1][RECIBO] cliente STATE[5]
00000000  00 04                                             |..|


2017/05/15 16:21:39 [1][ENVIO] cliente STATE[5]
00000000  00 00                                             |..|


2017/05/15 16:21:39 [1][RECIBO] cliente STATE[5]
00000000  00 04                                             |..|


2017/05/15 16:21:39 [1][ENVIO] cliente STATE[5]
00000000  00 00                                             |..|


2017/05/15 16:21:39 [1][RECIBO] cliente STATE[5]
00000000  00 04                                             |..|


2017/05/15 16:21:39 [1][ENVIO] cliente STATE[5]
00000000  00 00                                             |..|


2017/05/15 16:21:39 [1][RECIBO] cliente STATE[5]
00000000  00 04                                             |..|


2017/05/15 16:21:39 [1][ENVIO] cliente STATE[5]
00000000  00 00                                             |..|


2017/05/15 16:21:39 [1][RECIBO] cliente STATE[5]
00000000  00 04                                             |..|


2017/05/15 16:21:39 [1][ENVIO] cliente STATE[5]
00000000  00 00                                             |..|


2017/05/15 16:21:39 [1][RECIBO] cliente STATE[5]
00000000  00 04                                             |..|


2017/05/15 16:21:39 [1][ENVIO] cliente STATE[5]
00000000  00 00                                             |..|


2017/05/15 16:21:39 [1][RECIBO] cliente STATE[5]
00000000  00 04                                             |..|


2017/05/15 16:21:39 [1][ENVIO] cliente STATE[5]
00000000  00 00                                             |..|


2017/05/15 16:21:39 [1][RECIBO] cliente STATE[5]
00000000  00 04                                             |..|


2017/05/15 16:21:39 [1][ENVIO] cliente STATE[5]
00000000  00 00                                             |..|


2017/05/15 16:21:39 [1][RECIBO] cliente STATE[5]
00000000  00 04                                             |..|


2017/05/15 16:21:39 [1][ENVIO] cliente STATE[5]
00000000  00 00                                             |..|


2017/05/15 16:21:39 [1][RECIBO] cliente STATE[5]
00000000  00 04                                             |..|


2017/05/15 16:21:39 [1][ENVIO] cliente STATE[5]
00000000  00 00                                             |..|


2017/05/15 16:21:39 [1][RECIBO] cliente STATE[5]
00000000  00 04                                             |..|


2017/05/15 16:21:39 [1][ENVIO] cliente STATE[5]
00000000  00 00                                             |..|


2017/05/15 16:21:39 [1][RECIBO] cliente STATE[5]
00000000  00 04                                             |..|


2017/05/15 16:21:39 [1][ENVIO] cliente STATE[5]
00000000  00 00                                             |..|


2017/05/15 16:21:39 [1][RECIBO] cliente STATE[5]
00000000  00 04                                             |..|


2017/05/15 16:21:39 [1][ENVIO] cliente STATE[5]
00000000  00 00                                             |..|


2017/05/15 16:21:39 [1][RECIBO] cliente STATE[5]
00000000  00 04                                             |..|


2017/05/15 16:21:39 [1][ENVIO] cliente STATE[5]
00000000  00 00                                             |..|


2017/05/15 16:21:39 [1][RECIBO] cliente STATE[5]
00000000  00 04                                             |..|


2017/05/15 16:21:39 [1][ENVIO] cliente STATE[5]
00000000  00 00                                             |..|


2017/05/15 16:21:39 [1][RECIBO] cliente STATE[5]
00000000  00 04                                             |..|


2017/05/15 16:21:39 [1][ENVIO] cliente STATE[5]
00000000  00 00                                             |..|


2017/05/15 16:21:39 [1][RECIBO] cliente STATE[5]
00000000  00 04                                             |..|


2017/05/15 16:21:39 [1][ENVIO] cliente STATE[5]
00000000  00 00                                             |..|


2017/05/15 16:21:39 [1][RECIBO] cliente STATE[5]
00000000  00 04                                             |..|


2017/05/15 16:21:39 [1][ENVIO] cliente STATE[5]
00000000  00 00                                             |..|


2017/05/15 16:21:39 [1][RECIBO] cliente STATE[5]
00000000  02 04 80 00 10                                    |.....|


2017/05/15 16:21:39 [1][ENVIO][TODOS SIN MI] cliente STATE[5]
00000000  02 04 80 00 10                                    |.....|


2017/05/15 16:21:39 [1][ENVIO] cliente STATE[5]
00000000  00 00                                             |..|


2017/05/15 16:21:39 [1][RECIBO] cliente STATE[5]
00000000  00 04                                             |..|


2017/05/15 16:21:39 [1][ENVIO] cliente STATE[5]
00000000  00 00                                             |..|


2017/05/15 16:21:39 [1][RECIBO] cliente STATE[5]
00000000  00 04                                             |..|


2017/05/15 16:21:39 [1][ENVIO] cliente STATE[5]
00000000  00 00                                             |..|


2017/05/15 16:21:40 [1][RECIBO] cliente STATE[5]
00000000  00 04                                             |..|


2017/05/15 16:21:40 [1][ENVIO] cliente STATE[5]
00000000  00 00                                             |..|


2017/05/15 16:21:40 [1][RECIBO] cliente STATE[5]
00000000  00 04                                             |..|


2017/05/15 16:21:40 [1][ENVIO] cliente STATE[5]
00000000  00 00                                             |..|


2017/05/15 16:21:40 [1][RECIBO] cliente STATE[5]
00000000  02 04 80 00 00                                    |.....|


2017/05/15 16:21:40 [1][ENVIO][TODOS SIN MI] cliente STATE[5]
00000000  02 04 80 00 00                                    |.....|


2017/05/15 16:21:40 [1][ENVIO] cliente STATE[5]
00000000  00 00                                             |..|


2017/05/15 16:21:40 [1][RECIBO] cliente STATE[5]
00000000  00 04                                             |..|


2017/05/15 16:21:40 [1][ENVIO] cliente STATE[5]
00000000  00 00                                             |..|


2017/05/15 16:21:40 [1][RECIBO] cliente STATE[5]
00000000  00 04                                             |..|


2017/05/15 16:21:40 [1][ENVIO] cliente STATE[5]
00000000  00 00                                             |..|


2017/05/15 16:21:40 [1][RECIBO] cliente STATE[5]
00000000  00 04                                             |..|


2017/05/15 16:21:40 [1][ENVIO] cliente STATE[5]
00000000  00 00                                             |..|


2017/05/15 16:21:40 [1][RECIBO] cliente STATE[5]
00000000  00 04                                             |..|


2017/05/15 16:21:40 [1][ENVIO] cliente STATE[5]
00000000  00 00                                             |..|


2017/05/15 16:21:40 [1][RECIBO] cliente STATE[5]
00000000  00 04                                             |..|


2017/05/15 16:21:40 [1][ENVIO] cliente STATE[5]
00000000  00 00                                             |..|


2017/05/15 16:21:40 [1][RECIBO] cliente STATE[5]
00000000  00 04                                             |..|


2017/05/15 16:21:40 [1][ENVIO] cliente STATE[5]
00000000  00 00                                             |..|


2017/05/15 16:21:40 [1][RECIBO] cliente STATE[5]
00000000  00 04                                             |..|


2017/05/15 16:21:40 [1][ENVIO] cliente STATE[5]
00000000  00 00                                             |..|


2017/05/15 16:21:40 [1][RECIBO] cliente STATE[5]
00000000  00 04                                             |..|


2017/05/15 16:21:40 [1][ENVIO] cliente STATE[5]
00000000  00 00                                             |..|


2017/05/15 16:21:40 [1][RECIBO] cliente STATE[5]
00000000  00 04                                             |..|


2017/05/15 16:21:40 [1][ENVIO] cliente STATE[5]
00000000  00 00                                             |..|


2017/05/15 16:21:40 [1][RECIBO] cliente STATE[5]
00000000  00 04                                             |..|


2017/05/15 16:21:40 [1][ENVIO] cliente STATE[5]
00000000  00 00                                             |..|


2017/05/15 16:21:40 [1][RECIBO] cliente STATE[5]
00000000  00 04                                             |..|


2017/05/15 16:21:40 [1][ENVIO] cliente STATE[5]
00000000  00 00                                             |..|


2017/05/15 16:21:40 [1][RECIBO] cliente STATE[5]
00000000  00 04                                             |..|


2017/05/15 16:21:40 [1][ENVIO] cliente STATE[5]
00000000  00 00                                             |..|


2017/05/15 16:21:40 [1][RECIBO] cliente STATE[5]
00000000  00 04                                             |..|


2017/05/15 16:21:40 [1][ENVIO] cliente STATE[5]
00000000  00 00                                             |..|


2017/05/15 16:21:40 [1][RECIBO] cliente STATE[5]
00000000  00 04                                             |..|


2017/05/15 16:21:40 [1][ENVIO] cliente STATE[5]
00000000  00 00                                             |..|


2017/05/15 16:21:40 [1][RECIBO] cliente STATE[5]
00000000  00 04                                             |..|


2017/05/15 16:21:40 [1][ENVIO] cliente STATE[5]
00000000  00 00                                             |..|


2017/05/15 16:21:40 [1][RECIBO] cliente STATE[5]
00000000  02 04 80 00 10                                    |.....|


2017/05/15 16:21:40 [1][ENVIO][TODOS SIN MI] cliente STATE[5]
00000000  02 04 80 00 10                                    |.....|


2017/05/15 16:21:40 [1][ENVIO] cliente STATE[5]
00000000  00 00                                             |..|


2017/05/15 16:21:40 [1][RECIBO] cliente STATE[5]
00000000  00 04                                             |..|


2017/05/15 16:21:40 [1][ENVIO] cliente STATE[5]
00000000  00 00                                             |..|


2017/05/15 16:21:40 [1][RECIBO] cliente STATE[5]
00000000  00 04                                             |..|


2017/05/15 16:21:40 [1][ENVIO] cliente STATE[5]
00000000  00 00                                             |..|


2017/05/15 16:21:40 [1][RECIBO] cliente STATE[5]
00000000  00 04                                             |..|


2017/05/15 16:21:40 [1][ENVIO] cliente STATE[5]
00000000  00 00                                             |..|


2017/05/15 16:21:40 [1][RECIBO] cliente STATE[5]
00000000  02 04 80 00 00                                    |.....|


2017/05/15 16:21:40 [1][ENVIO][TODOS SIN MI] cliente STATE[5]
00000000  02 04 80 00 00                                    |.....|


2017/05/15 16:21:40 [1][ENVIO] cliente STATE[5]
00000000  00 00                                             |..|


2017/05/15 16:21:40 [1][RECIBO] cliente STATE[5]
00000000  00 04                                             |..|


2017/05/15 16:21:40 [1][ENVIO] cliente STATE[5]
00000000  00 00                                             |..|


2017/05/15 16:21:40 [1][RECIBO] cliente STATE[5]
00000000  00 04                                             |..|


2017/05/15 16:21:40 [1][ENVIO] cliente STATE[5]
00000000  00 00                                             |..|


2017/05/15 16:21:40 [1][RECIBO] cliente STATE[5]
00000000  00 04                                             |..|


2017/05/15 16:21:40 [1][ENVIO] cliente STATE[5]
00000000  00 00                                             |..|


2017/05/15 16:21:40 [1][RECIBO] cliente STATE[5]
00000000  00 04                                             |..|


2017/05/15 16:21:40 [1][ENVIO] cliente STATE[5]
00000000  00 00                                             |..|


2017/05/15 16:21:40 [1][RECIBO] cliente STATE[5]
00000000  00 04                                             |..|


2017/05/15 16:21:40 [1][ENVIO] cliente STATE[5]
00000000  00 00                                             |..|


2017/05/15 16:21:40 [1][RECIBO] cliente STATE[5]
00000000  00 04                                             |..|


2017/05/15 16:21:40 [1][ENVIO] cliente STATE[5]
00000000  00 00                                             |..|


2017/05/15 16:21:40 [1][RECIBO] cliente STATE[5]
00000000  00 04                                             |..|


2017/05/15 16:21:40 [1][ENVIO] cliente STATE[5]
00000000  00 00                                             |..|


2017/05/15 16:21:41 [1][RECIBO] cliente STATE[5]
00000000  00 04                                             |..|


2017/05/15 16:21:41 [1][ENVIO] cliente STATE[5]
00000000  00 00                                             |..|


2017/05/15 16:21:41 [1][RECIBO] cliente STATE[5]
00000000  00 04                                             |..|


2017/05/15 16:21:41 [1][ENVIO] cliente STATE[5]
00000000  00 00                                             |..|


2017/05/15 16:21:41 [1][RECIBO] cliente STATE[5]
00000000  00 04                                             |..|


2017/05/15 16:21:41 [1][ENVIO] cliente STATE[5]
00000000  00 00                                             |..|


2017/05/15 16:21:41 [1][RECIBO] cliente STATE[5]
00000000  00 04                                             |..|


2017/05/15 16:21:41 [1][ENVIO] cliente STATE[5]
00000000  00 00                                             |..|


2017/05/15 16:21:41 [1][RECIBO] cliente STATE[5]
00000000  00 04                                             |..|


2017/05/15 16:21:41 [1][ENVIO] cliente STATE[5]
00000000  00 00                                             |..|


2017/05/15 16:21:41 [1][RECIBO] cliente STATE[5]
00000000  00 04                                             |..|


2017/05/15 16:21:41 [1][ENVIO] cliente STATE[5]
00000000  00 00                                             |..|


2017/05/15 16:21:41 [1][RECIBO] cliente STATE[5]
00000000  00 04                                             |..|


2017/05/15 16:21:41 [1][ENVIO] cliente STATE[5]
00000000  00 00                                             |..|


2017/05/15 16:21:41 [1][RECIBO] cliente STATE[5]
00000000  00 04                                             |..|


2017/05/15 16:21:41 [1][ENVIO] cliente STATE[5]
00000000  00 00                                             |..|


2017/05/15 16:21:41 [1][RECIBO] cliente STATE[5]
00000000  00 04                                             |..|


2017/05/15 16:21:41 [1][ENVIO] cliente STATE[5]
00000000  00 00                                             |..|


2017/05/15 16:21:41 [1][RECIBO] cliente STATE[5]
00000000  00 04                                             |..|


2017/05/15 16:21:41 [1][ENVIO] cliente STATE[5]
00000000  00 00                                             |..|


2017/05/15 16:21:41 [1][RECIBO] cliente STATE[5]
00000000  00 04                                             |..|


2017/05/15 16:21:41 [1][ENVIO] cliente STATE[5]
00000000  00 00                                             |..|


2017/05/15 16:21:41 [1][RECIBO] cliente STATE[5]
00000000  00 04                                             |..|


2017/05/15 16:21:41 [1][ENVIO] cliente STATE[5]
00000000  00 00                                             |..|


2017/05/15 16:21:41 [1][RECIBO] cliente STATE[5]
00000000  00 04                                             |..|


2017/05/15 16:21:41 [1][ENVIO] cliente STATE[5]
00000000  00 00                                             |..|


2017/05/15 16:21:41 [1][RECIBO] cliente STATE[5]
00000000  00 04                                             |..|


2017/05/15 16:21:41 [1][ENVIO] cliente STATE[5]
00000000  00 00                                             |..|


2017/05/15 16:21:41 [1][RECIBO] cliente STATE[5]
00000000  00 04                                             |..|


2017/05/15 16:21:41 [1][ENVIO] cliente STATE[5]
00000000  00 00                                             |..|


2017/05/15 16:21:41 [1][RECIBO] cliente STATE[5]
00000000  00 04                                             |..|


2017/05/15 16:21:41 [1][ENVIO] cliente STATE[5]
00000000  00 00                                             |..|


2017/05/15 16:21:41 [1][RECIBO] cliente STATE[5]
00000000  00 04                                             |..|


2017/05/15 16:21:41 [1][ENVIO] cliente STATE[5]
00000000  00 00                                             |..|


2017/05/15 16:21:41 [1][RECIBO] cliente STATE[5]
00000000  00 04                                             |..|


2017/05/15 16:21:41 [1][ENVIO] cliente STATE[5]
00000000  00 00                                             |..|


2017/05/15 16:21:41 [1][RECIBO] cliente STATE[5]
00000000  00 04                                             |..|


2017/05/15 16:21:41 [1][ENVIO] cliente STATE[5]
00000000  00 00                                             |..|


2017/05/15 16:21:41 [1][RECIBO] cliente STATE[5]
00000000  00 04                                             |..|


2017/05/15 16:21:41 [1][ENVIO] cliente STATE[5]
00000000  00 00                                             |..|


2017/05/15 16:21:41 [1][RECIBO] cliente STATE[5]
00000000  02 04 80 00 10                                    |.....|


2017/05/15 16:21:41 [1][ENVIO][TODOS SIN MI] cliente STATE[5]
00000000  02 04 80 00 10                                    |.....|


2017/05/15 16:21:41 [1][ENVIO] cliente STATE[5]
00000000  00 00                                             |..|


2017/05/15 16:21:41 [1][RECIBO] cliente STATE[5]
00000000  00 04                                             |..|


2017/05/15 16:21:41 [1][ENVIO] cliente STATE[5]
00000000  00 00                                             |..|


2017/05/15 16:21:41 [1][RECIBO] cliente STATE[5]
00000000  00 04                                             |..|


2017/05/15 16:21:41 [1][ENVIO] cliente STATE[5]
00000000  00 00                                             |..|


2017/05/15 16:21:41 [1][RECIBO] cliente STATE[5]
00000000  00 04                                             |..|


2017/05/15 16:21:41 [1][ENVIO] cliente STATE[5]
00000000  00 00                                             |..|


2017/05/15 16:21:41 [1][RECIBO] cliente STATE[5]
00000000  02 04 80 00 00                                    |.....|


2017/05/15 16:21:41 [1][ENVIO][TODOS SIN MI] cliente STATE[5]
00000000  02 04 80 00 00                                    |.....|


2017/05/15 16:21:41 [1][ENVIO] cliente STATE[5]
00000000  00 00                                             |..|


2017/05/15 16:21:41 [1][RECIBO] cliente STATE[5]
00000000  00 04                                             |..|


2017/05/15 16:21:41 [1][ENVIO] cliente STATE[5]
00000000  00 00                                             |..|


2017/05/15 16:21:41 [1][RECIBO] cliente STATE[5]
00000000  00 04                                             |..|


2017/05/15 16:21:41 [1][ENVIO] cliente STATE[5]
00000000  00 00                                             |..|


2017/05/15 16:21:41 [1][RECIBO] cliente STATE[5]
00000000  00 04                                             |..|


2017/05/15 16:21:41 [1][ENVIO] cliente STATE[5]
00000000  00 00                                             |..|


2017/05/15 16:21:41 [1][RECIBO] cliente STATE[5]
00000000  00 04                                             |..|


2017/05/15 16:21:41 [1][ENVIO] cliente STATE[5]
00000000  00 00                                             |..|


2017/05/15 16:21:41 [1][RECIBO] cliente STATE[5]
00000000  00 04                                             |..|


2017/05/15 16:21:41 [1][ENVIO] cliente STATE[5]
00000000  00 00                                             |..|


2017/05/15 16:21:42 [1][RECIBO] cliente STATE[5]
00000000  00 04                                             |..|


2017/05/15 16:21:42 [1][ENVIO] cliente STATE[5]
00000000  00 00                                             |..|


2017/05/15 16:21:42 [1][RECIBO] cliente STATE[5]
00000000  00 04                                             |..|


2017/05/15 16:21:42 [1][ENVIO] cliente STATE[5]
00000000  00 00                                             |..|


2017/05/15 16:21:42 [1][RECIBO] cliente STATE[5]
00000000  02 04 80 80 00                                    |.....|


2017/05/15 16:21:42 [1][ENVIO][TODOS SIN MI] cliente STATE[5]
00000000  02 04 80 80 00                                    |.....|


2017/05/15 16:21:42 [1][ENVIO] cliente STATE[5]
00000000  00 00                                             |..|


2017/05/15 16:21:42 [1][RECIBO] cliente STATE[5]
00000000  00 04                                             |..|


2017/05/15 16:21:42 [1][ENVIO] cliente STATE[5]
00000000  00 00                                             |..|


2017/05/15 16:21:42 [1][RECIBO] cliente STATE[5]
00000000  00 04                                             |..|


2017/05/15 16:21:42 [1][ENVIO] cliente STATE[5]
00000000  00 00                                             |..|


2017/05/15 16:21:42 [1][RECIBO] cliente STATE[5]
00000000  00 04                                             |..|


2017/05/15 16:21:42 [1][ENVIO] cliente STATE[5]
00000000  00 00                                             |..|


2017/05/15 16:21:42 [1][RECIBO] cliente STATE[5]
00000000  00 04                                             |..|


2017/05/15 16:21:42 [1][ENVIO] cliente STATE[5]
00000000  00 00                                             |..|


2017/05/15 16:21:42 [1][RECIBO] cliente STATE[5]
00000000  00 04                                             |..|


2017/05/15 16:21:42 [1][ENVIO] cliente STATE[5]
00000000  00 00                                             |..|


2017/05/15 16:21:42 [1][RECIBO] cliente STATE[5]
00000000  02 04 80 00 00                                    |.....|


2017/05/15 16:21:42 [1][ENVIO][TODOS SIN MI] cliente STATE[5]
00000000  02 04 80 00 00                                    |.....|


2017/05/15 16:21:42 [1][ENVIO] cliente STATE[5]
00000000  00 00                                             |..|


2017/05/15 16:21:42 [1][RECIBO] cliente STATE[5]
00000000  00 04                                             |..|


2017/05/15 16:21:42 [1][ENVIO] cliente STATE[5]
00000000  00 00                                             |..|


2017/05/15 16:21:42 [1][RECIBO] cliente STATE[5]
00000000  00 04                                             |..|


2017/05/15 16:21:42 [1][ENVIO] cliente STATE[5]
00000000  00 00                                             |..|


2017/05/15 16:21:42 [1][RECIBO] cliente STATE[5]
00000000  00 04                                             |..|


2017/05/15 16:21:42 [1][ENVIO] cliente STATE[5]
00000000  00 00                                             |..|


2017/05/15 16:21:42 [1][RECIBO] cliente STATE[5]
00000000  00 04                                             |..|


2017/05/15 16:21:42 [1][ENVIO] cliente STATE[5]
00000000  00 00                                             |..|


2017/05/15 16:21:42 [1][RECIBO] cliente STATE[5]
00000000  00 04                                             |..|


2017/05/15 16:21:42 [1][ENVIO] cliente STATE[5]
00000000  00 00                                             |..|


2017/05/15 16:21:42 [1][RECIBO] cliente STATE[5]
00000000  00 04                                             |..|


2017/05/15 16:21:42 [1][ENVIO] cliente STATE[5]
00000000  00 00                                             |..|


2017/05/15 16:21:42 [1][RECIBO] cliente STATE[5]
00000000  00 04                                             |..|


2017/05/15 16:21:42 [1][ENVIO] cliente STATE[5]
00000000  00 00                                             |..|


2017/05/15 16:21:42 [1][RECIBO] cliente STATE[5]
00000000  00 04                                             |..|


2017/05/15 16:21:42 [1][ENVIO] cliente STATE[5]
00000000  00 00                                             |..|


2017/05/15 16:21:42 [1][RECIBO] cliente STATE[5]
00000000  00 04                                             |..|


2017/05/15 16:21:42 [1][ENVIO] cliente STATE[5]
00000000  00 00                                             |..|


2017/05/15 16:21:42 [1][RECIBO] cliente STATE[5]
00000000  00 04                                             |..|


2017/05/15 16:21:42 [1][ENVIO] cliente STATE[5]
00000000  00 00                                             |..|


2017/05/15 16:21:42 [1][RECIBO] cliente STATE[5]
00000000  00 04                                             |..|


2017/05/15 16:21:42 [1][ENVIO] cliente STATE[5]
00000000  00 00                                             |..|


2017/05/15 16:21:42 [1][RECIBO] cliente STATE[5]
00000000  00 04                                             |..|


2017/05/15 16:21:42 [1][ENVIO] cliente STATE[5]
00000000  00 00                                             |..|


2017/05/15 16:21:42 [1][RECIBO] cliente STATE[5]
00000000  02 04 80 00 80                                    |.....|


2017/05/15 16:21:42 [1][ENVIO][TODOS SIN MI] cliente STATE[5]
00000000  02 04 80 00 80                                    |.....|


2017/05/15 16:21:42 [1][ENVIO] cliente STATE[5]
00000000  00 00                                             |..|


2017/05/15 16:21:42 [1][RECIBO] cliente STATE[5]
00000000  00 04                                             |..|


2017/05/15 16:21:42 [1][ENVIO] cliente STATE[5]
00000000  00 00                                             |..|


2017/05/15 16:21:42 [1][RECIBO] cliente STATE[5]
00000000  00 04                                             |..|


2017/05/15 16:21:42 [1][ENVIO] cliente STATE[5]
00000000  00 00                                             |..|


2017/05/15 16:21:42 [1][RECIBO] cliente STATE[5]
00000000  02 04 80 80 00                                    |.....|


2017/05/15 16:21:42 [1][ENVIO][TODOS SIN MI] cliente STATE[5]
00000000  02 04 80 80 00                                    |.....|


2017/05/15 16:21:42 [1][ENVIO] cliente STATE[5]
00000000  00 00                                             |..|


2017/05/15 16:21:42 [1][RECIBO] cliente STATE[5]
00000000  00 04                                             |..|


2017/05/15 16:21:42 [1][ENVIO] cliente STATE[5]
00000000  00 00                                             |..|


2017/05/15 16:21:42 [1][RECIBO] cliente STATE[5]
00000000  00 04                                             |..|


2017/05/15 16:21:42 [1][ENVIO] cliente STATE[5]
00000000  00 00                                             |..|


2017/05/15 16:21:42 [1][RECIBO] cliente STATE[5]
00000000  02 04 80 00 00                                    |.....|


2017/05/15 16:21:42 [1][ENVIO][TODOS SIN MI] cliente STATE[5]
00000000  02 04 80 00 00                                    |.....|


2017/05/15 16:21:42 [1][ENVIO] cliente STATE[5]
00000000  00 00                                             |..|


2017/05/15 16:21:42 [1][RECIBO] cliente STATE[5]
00000000  00 04                                             |..|


2017/05/15 16:21:42 [1][ENVIO] cliente STATE[5]
00000000  00 00                                             |..|


2017/05/15 16:21:42 [1][RECIBO] cliente STATE[5]
00000000  00 04                                             |..|


2017/05/15 16:21:42 [1][ENVIO] cliente STATE[5]
00000000  00 00                                             |..|


2017/05/15 16:21:43 [1][RECIBO] cliente STATE[5]
00000000  00 04                                             |..|


2017/05/15 16:21:43 [1][ENVIO] cliente STATE[5]
00000000  00 00                                             |..|


2017/05/15 16:21:43 [1][RECIBO] cliente STATE[5]
00000000  00 04                                             |..|


2017/05/15 16:21:43 [1][ENVIO] cliente STATE[5]
00000000  00 00                                             |..|


2017/05/15 16:21:43 [1][RECIBO] cliente STATE[5]
00000000  00 04                                             |..|


2017/05/15 16:21:43 [1][ENVIO] cliente STATE[5]
00000000  00 00                                             |..|


2017/05/15 16:21:43 [1][RECIBO] cliente STATE[5]
00000000  02 04 80 00 10                                    |.....|


2017/05/15 16:21:43 [1][ENVIO][TODOS SIN MI] cliente STATE[5]
00000000  02 04 80 00 10                                    |.....|


2017/05/15 16:21:43 [1][ENVIO] cliente STATE[5]
00000000  00 00                                             |..|


2017/05/15 16:21:43 [1][RECIBO] cliente STATE[5]
00000000  00 04                                             |..|


2017/05/15 16:21:43 [1][ENVIO] cliente STATE[5]
00000000  00 00                                             |..|


2017/05/15 16:21:43 [1][RECIBO] cliente STATE[5]
00000000  00 04                                             |..|


2017/05/15 16:21:43 [1][ENVIO] cliente STATE[5]
00000000  00 00                                             |..|


2017/05/15 16:21:43 [1][RECIBO] cliente STATE[5]
00000000  00 04                                             |..|


2017/05/15 16:21:43 [1][ENVIO] cliente STATE[5]
00000000  00 00                                             |..|


2017/05/15 16:21:43 [1][RECIBO] cliente STATE[5]
00000000  00 04                                             |..|


2017/05/15 16:21:43 [1][ENVIO] cliente STATE[5]
00000000  00 00                                             |..|


2017/05/15 16:21:43 [1][RECIBO] cliente STATE[5]
00000000  02 04 80 00 00                                    |.....|


2017/05/15 16:21:43 [1][ENVIO][TODOS SIN MI] cliente STATE[5]
00000000  02 04 80 00 00                                    |.....|


2017/05/15 16:21:43 [1][ENVIO] cliente STATE[5]
00000000  00 00                                             |..|


2017/05/15 16:21:43 [1][RECIBO] cliente STATE[5]
00000000  00 04                                             |..|


2017/05/15 16:21:43 [1][ENVIO] cliente STATE[5]
00000000  00 00                                             |..|


2017/05/15 16:21:43 [1][RECIBO] cliente STATE[5]
00000000  00 04                                             |..|


2017/05/15 16:21:43 [1][ENVIO] cliente STATE[5]
00000000  00 00                                             |..|


2017/05/15 16:21:43 [1][RECIBO] cliente STATE[5]
00000000  00 04                                             |..|


2017/05/15 16:21:43 [1][ENVIO] cliente STATE[5]
00000000  00 00                                             |..|


2017/05/15 16:21:43 [1][RECIBO] cliente STATE[5]
00000000  00 04                                             |..|


2017/05/15 16:21:43 [1][ENVIO] cliente STATE[5]
00000000  00 00                                             |..|


2017/05/15 16:21:43 [1][RECIBO] cliente STATE[5]
00000000  00 04                                             |..|


2017/05/15 16:21:43 [1][ENVIO] cliente STATE[5]
00000000  00 00                                             |..|


2017/05/15 16:21:43 [1][RECIBO] cliente STATE[5]
00000000  00 04                                             |..|


2017/05/15 16:21:43 [1][ENVIO] cliente STATE[5]
00000000  00 00                                             |..|


2017/05/15 16:21:43 [1][RECIBO] cliente STATE[5]
00000000  00 04                                             |..|


2017/05/15 16:21:43 [1][ENVIO] cliente STATE[5]
00000000  00 00                                             |..|


2017/05/15 16:21:43 [1][RECIBO] cliente STATE[5]
00000000  00 04                                             |..|


2017/05/15 16:21:43 [1][ENVIO] cliente STATE[5]
00000000  00 00                                             |..|


2017/05/15 16:21:43 [1][RECIBO] cliente STATE[5]
00000000  00 04                                             |..|


2017/05/15 16:21:43 [1][ENVIO] cliente STATE[5]
00000000  00 00                                             |..|


2017/05/15 16:21:43 [1][RECIBO] cliente STATE[5]
00000000  00 04                                             |..|


2017/05/15 16:21:43 [1][ENVIO] cliente STATE[5]
00000000  00 00                                             |..|


2017/05/15 16:21:43 [1][RECIBO] cliente STATE[5]
00000000  00 04                                             |..|


2017/05/15 16:21:43 [1][ENVIO] cliente STATE[5]
00000000  00 00                                             |..|


2017/05/15 16:21:43 [1][RECIBO] cliente STATE[5]
00000000  00 04                                             |..|


2017/05/15 16:21:43 [1][ENVIO] cliente STATE[5]
00000000  00 00                                             |..|


2017/05/15 16:21:43 [1][RECIBO] cliente STATE[5]
00000000  00 04                                             |..|


2017/05/15 16:21:43 [1][ENVIO] cliente STATE[5]
00000000  00 00                                             |..|


2017/05/15 16:21:43 [1][RECIBO] cliente STATE[5]
00000000  00 04                                             |..|


2017/05/15 16:21:43 [1][ENVIO] cliente STATE[5]
00000000  00 00                                             |..|


2017/05/15 16:21:43 [1][RECIBO] cliente STATE[5]
00000000  00 04                                             |..|


2017/05/15 16:21:43 [1][ENVIO] cliente STATE[5]
00000000  00 00                                             |..|


2017/05/15 16:21:43 [1][RECIBO] cliente STATE[5]
00000000  00 04                                             |..|


2017/05/15 16:21:43 [1][ENVIO] cliente STATE[5]
00000000  00 00                                             |..|


2017/05/15 16:21:43 [1][RECIBO] cliente STATE[5]
00000000  00 04                                             |..|


2017/05/15 16:21:43 [1][ENVIO] cliente STATE[5]
00000000  00 00                                             |..|


2017/05/15 16:21:43 [1][RECIBO] cliente STATE[5]
00000000  00 04                                             |..|


2017/05/15 16:21:43 [1][ENVIO] cliente STATE[5]
00000000  00 00                                             |..|


2017/05/15 16:21:43 [1][RECIBO] cliente STATE[5]
00000000  00 04                                             |..|


2017/05/15 16:21:43 [1][ENVIO] cliente STATE[5]
00000000  00 00                                             |..|


2017/05/15 16:21:43 [1][RECIBO] cliente STATE[5]
00000000  00 04                                             |..|


2017/05/15 16:21:43 [1][ENVIO] cliente STATE[5]
00000000  00 00                                             |..|


2017/05/15 16:21:43 [1][RECIBO] cliente STATE[5]
00000000  00 04                                             |..|


2017/05/15 16:21:43 [1][ENVIO] cliente STATE[5]
00000000  00 00                                             |..|


2017/05/15 16:21:44 [1][RECIBO] cliente STATE[5]
00000000  00 04                                             |..|


2017/05/15 16:21:44 [1][ENVIO] cliente STATE[5]
00000000  00 00                                             |..|


2017/05/15 16:21:44 [1][RECIBO] cliente STATE[5]
00000000  00 04                                             |..|


2017/05/15 16:21:44 [1][ENVIO] cliente STATE[5]
00000000  00 00                                             |..|


2017/05/15 16:21:44 [1][RECIBO] cliente STATE[5]
00000000  00 04                                             |..|


2017/05/15 16:21:44 [1][ENVIO] cliente STATE[5]
00000000  00 00                                             |..|


2017/05/15 16:21:44 [1][RECIBO] cliente STATE[5]
00000000  00 04                                             |..|


2017/05/15 16:21:44 [1][ENVIO] cliente STATE[5]
00000000  00 00                                             |..|


2017/05/15 16:21:44 [1][RECIBO] cliente STATE[5]
00000000  00 04                                             |..|


2017/05/15 16:21:44 [1][ENVIO] cliente STATE[5]
00000000  00 00                                             |..|


2017/05/15 16:21:44 [1][RECIBO] cliente STATE[5]
00000000  00 04                                             |..|


2017/05/15 16:21:44 [1][ENVIO] cliente STATE[5]
00000000  00 00                                             |..|


2017/05/15 16:21:44 [1][RECIBO] cliente STATE[5]
00000000  00 04                                             |..|


2017/05/15 16:21:44 [1][ENVIO] cliente STATE[5]
00000000  00 00                                             |..|


2017/05/15 16:21:44 [1][RECIBO] cliente STATE[5]
00000000  00 04                                             |..|


2017/05/15 16:21:44 [1][ENVIO] cliente STATE[5]
00000000  00 00                                             |..|


2017/05/15 16:21:44 [1][RECIBO] cliente STATE[5]
00000000  00 04                                             |..|


2017/05/15 16:21:44 [1][ENVIO] cliente STATE[5]
00000000  00 00                                             |..|


2017/05/15 16:21:44 [1][RECIBO] cliente STATE[5]
00000000  00 04                                             |..|


2017/05/15 16:21:44 [1][ENVIO] cliente STATE[5]
00000000  00 00                                             |..|


2017/05/15 16:21:44 [1][RECIBO] cliente STATE[5]
00000000  00 04                                             |..|


2017/05/15 16:21:44 [1][ENVIO] cliente STATE[5]
00000000  00 00                                             |..|


2017/05/15 16:21:44 [1][RECIBO] cliente STATE[5]
00000000  00 04                                             |..|


2017/05/15 16:21:44 [1][ENVIO] cliente STATE[5]
00000000  00 00                                             |..|


2017/05/15 16:21:44 [1][RECIBO] cliente STATE[5]
00000000  00 04                                             |..|


2017/05/15 16:21:44 [1][ENVIO] cliente STATE[5]
00000000  00 00                                             |..|


2017/05/15 16:21:44 [1][RECIBO] cliente STATE[5]
00000000  00 04                                             |..|


2017/05/15 16:21:44 [1][ENVIO] cliente STATE[5]
00000000  00 00                                             |..|


2017/05/15 16:21:44 [1][RECIBO] cliente STATE[5]
00000000  00 04                                             |..|


2017/05/15 16:21:44 [1][ENVIO] cliente STATE[5]
00000000  00 00                                             |..|


2017/05/15 16:21:44 [1][RECIBO] cliente STATE[5]
00000000  00 04                                             |..|


2017/05/15 16:21:44 [1][ENVIO] cliente STATE[5]
00000000  00 00                                             |..|


2017/05/15 16:21:44 [1][RECIBO] cliente STATE[5]
00000000  00 04                                             |..|


2017/05/15 16:21:44 [1][ENVIO] cliente STATE[5]
00000000  00 00                                             |..|


2017/05/15 16:21:44 [1][RECIBO] cliente STATE[5]
00000000  00 04                                             |..|


2017/05/15 16:21:44 [1][ENVIO] cliente STATE[5]
00000000  00 00                                             |..|


2017/05/15 16:21:44 [1][RECIBO] cliente STATE[5]
00000000  00 04                                             |..|


2017/05/15 16:21:44 [1][ENVIO] cliente STATE[5]
00000000  00 00                                             |..|


2017/05/15 16:21:44 [1][RECIBO] cliente STATE[5]
00000000  00 04                                             |..|


2017/05/15 16:21:44 [1][ENVIO] cliente STATE[5]
00000000  00 00                                             |..|


2017/05/15 16:21:44 [1][RECIBO] cliente STATE[5]
00000000  00 04                                             |..|


2017/05/15 16:21:44 [1][ENVIO] cliente STATE[5]
00000000  00 00                                             |..|


2017/05/15 16:21:44 [1][RECIBO] cliente STATE[5]
00000000  00 04                                             |..|


2017/05/15 16:21:44 [1][ENVIO] cliente STATE[5]
00000000  00 00                                             |..|


2017/05/15 16:21:44 [1][RECIBO] cliente STATE[5]
00000000  00 04                                             |..|


2017/05/15 16:21:44 [1][ENVIO] cliente STATE[5]
00000000  00 00                                             |..|


2017/05/15 16:21:44 [1][RECIBO] cliente STATE[5]
00000000  00 04                                             |..|


2017/05/15 16:21:44 [1][ENVIO] cliente STATE[5]
00000000  00 00                                             |..|


2017/05/15 16:21:44 [1][RECIBO] cliente STATE[5]
00000000  00 04                                             |..|


2017/05/15 16:21:44 [1][ENVIO] cliente STATE[5]
00000000  00 00                                             |..|


2017/05/15 16:21:44 [1][RECIBO] cliente STATE[5]
00000000  00 04                                             |..|


2017/05/15 16:21:44 [1][ENVIO] cliente STATE[5]
00000000  00 00                                             |..|


2017/05/15 16:21:44 [1][RECIBO] cliente STATE[5]
00000000  00 04                                             |..|


2017/05/15 16:21:44 [1][ENVIO] cliente STATE[5]
00000000  00 00                                             |..|


2017/05/15 16:21:44 [1][RECIBO] cliente STATE[5]
00000000  00 04                                             |..|


2017/05/15 16:21:44 [1][ENVIO] cliente STATE[5]
00000000  00 00                                             |..|


2017/05/15 16:21:44 [1][RECIBO] cliente STATE[5]
00000000  00 04                                             |..|


2017/05/15 16:21:44 [1][ENVIO] cliente STATE[5]
00000000  00 00                                             |..|


2017/05/15 16:21:44 [1][RECIBO] cliente STATE[5]
00000000  00 04                                             |..|


2017/05/15 16:21:44 [1][ENVIO] cliente STATE[5]
00000000  00 00                                             |..|


2017/05/15 16:21:45 [1][RECIBO] cliente STATE[5]
00000000  00 04                                             |..|


2017/05/15 16:21:45 [1][ENVIO] cliente STATE[5]
00000000  00 00                                             |..|


2017/05/15 16:21:45 [1][RECIBO] cliente STATE[5]
00000000  00 04                                             |..|


2017/05/15 16:21:45 [1][ENVIO] cliente STATE[5]
00000000  00 00                                             |..|


2017/05/15 16:21:45 [1][RECIBO] cliente STATE[5]
00000000  00 04                                             |..|


2017/05/15 16:21:45 [1][ENVIO] cliente STATE[5]
00000000  00 00                                             |..|


2017/05/15 16:21:45 [1][RECIBO] cliente STATE[5]
00000000  00 04                                             |..|


2017/05/15 16:21:45 [1][ENVIO] cliente STATE[5]
00000000  00 00                                             |..|


2017/05/15 16:21:45 [1][RECIBO] cliente STATE[5]
00000000  00 04                                             |..|


2017/05/15 16:21:45 [1][ENVIO] cliente STATE[5]
00000000  00 00                                             |..|


2017/05/15 16:21:45 [1][RECIBO] cliente STATE[5]
00000000  00 04                                             |..|


2017/05/15 16:21:45 [1][ENVIO] cliente STATE[5]
00000000  00 00                                             |..|


2017/05/15 16:21:45 [1][RECIBO] cliente STATE[5]
00000000  00 04                                             |..|


2017/05/15 16:21:45 [1][ENVIO] cliente STATE[5]
00000000  00 00                                             |..|


2017/05/15 16:21:45 [1][RECIBO] cliente STATE[5]
00000000  00 04                                             |..|


2017/05/15 16:21:45 [1][ENVIO] cliente STATE[5]
00000000  00 00                                             |..|


2017/05/15 16:21:45 [1][RECIBO] cliente STATE[5]
00000000  02 04 80 00 00                                    |.....|


2017/05/15 16:21:45 [1][ENVIO][TODOS SIN MI] cliente STATE[5]
00000000  02 04 80 00 00                                    |.....|


2017/05/15 16:21:45 [1][ENVIO] cliente STATE[5]
00000000  00 00                                             |..|


2017/05/15 16:21:45 [1][RECIBO] cliente STATE[5]
00000000  00 04                                             |..|


2017/05/15 16:21:45 [1][ENVIO] cliente STATE[5]
00000000  00 00                                             |..|


2017/05/15 16:21:45 [1][RECIBO] cliente STATE[5]
00000000  00 04                                             |..|


2017/05/15 16:21:45 [1][ENVIO] cliente STATE[5]
00000000  00 00                                             |..|


2017/05/15 16:21:45 [1][RECIBO] cliente STATE[5]
00000000  00 04                                             |..|


2017/05/15 16:21:45 [1][ENVIO] cliente STATE[5]
00000000  00 00                                             |..|


2017/05/15 16:21:45 [1][RECIBO] cliente STATE[5]
00000000  00 04                                             |..|


2017/05/15 16:21:45 [1][ENVIO] cliente STATE[5]
00000000  00 00                                             |..|


2017/05/15 16:21:45 [1][RECIBO] cliente STATE[5]
00000000  00 04                                             |..|


2017/05/15 16:21:45 [1][ENVIO] cliente STATE[5]
00000000  00 00                                             |..|


2017/05/15 16:21:45 [1][RECIBO] cliente STATE[5]
00000000  00 04                                             |..|


2017/05/15 16:21:45 [1][ENVIO] cliente STATE[5]
00000000  00 00                                             |..|


2017/05/15 16:21:45 [1][RECIBO] cliente STATE[5]
00000000  00 04                                             |..|


2017/05/15 16:21:45 [1][ENVIO] cliente STATE[5]
00000000  00 00                                             |..|


2017/05/15 16:21:45 [1][RECIBO] cliente STATE[5]
00000000  08 04                                             |..|


2017/05/15 16:21:45 [1][ENVIO][TODOS SIN MI] cliente STATE[5]
00000000  08 04                                             |..|


2017/05/15 16:21:45 [1][ENVIO] cliente STATE[5]
00000000  00 00                                             |..|


2017/05/15 16:21:45 [1][RECIBO] cliente STATE[5]
00000000  08 04                                             |..|


2017/05/15 16:21:45 [1][ENVIO][TODOS SIN MI] cliente STATE[5]
00000000  08 04                                             |..|


2017/05/15 16:21:45 [1][ENVIO] cliente STATE[5]
00000000  00 00                                             |..|


2017/05/15 16:21:45 [1][RECIBO] cliente STATE[5]
00000000  08 04                                             |..|


2017/05/15 16:21:45 [1][ENVIO][TODOS SIN MI] cliente STATE[5]
00000000  08 04                                             |..|


2017/05/15 16:21:45 [1][ENVIO] cliente STATE[5]
00000000  00 00                                             |..|


2017/05/15 16:21:45 [1][RECIBO] cliente STATE[5]
00000000  08 04                                             |..|


2017/05/15 16:21:45 [1][ENVIO][TODOS SIN MI] cliente STATE[5]
00000000  08 04                                             |..|


2017/05/15 16:21:45 [1][ENVIO] cliente STATE[5]
00000000  00 00                                             |..|


2017/05/15 16:21:46 [1][RECIBO] cliente STATE[5]
00000000  fe                                                |.|


2017/05/15 16:21:46 [1][ENVIO][TODOS SIN MI] cliente STATE[5]
00000000  fe                                                |.|


2017/05/15 16:21:46 [1][ENVIO] cliente STATE[5]
00000000  00 00                                             |..|


2017/05/15 16:21:46 [1][RECIBO] cliente STATE[5]
00000000  fe fe fe                                          |...|


2017/05/15 16:21:46 [1][ENVIO][TODOS SIN MI] cliente STATE[5]
00000000  fe fe fe                                          |...|


2017/05/15 16:21:46 [1][ENVIO] cliente STATE[5]
00000000  00 00                                             |..|


2017/05/15 16:21:52 [1][RECIBO] cliente STATE[5]
00000000  ff                                                |.|


2017/05/15 16:21:52 [1][ENVIO][TODOS SIN MI] cliente STATE[5]
00000000  ff                                                |.|


2017/05/15 16:21:52 [1][ENVIO] cliente STATE[5]
00000000  00 00                                             |..|


2017/05/15 16:21:52 [1][RECIBO] cliente STATE[5]
00000000  ff ff                                             |..|


2017/05/15 16:21:52 [1][ENVIO][TODOS SIN MI] cliente STATE[5]
00000000  ff ff                                             |..|


2017/05/15 16:21:52 [1][ENVIO] cliente STATE[5]
00000000  00 00                                             |..|
